#Framework		#Version	#Network interface
#Hadoop			1.2.1		ETH
#Hadoop			1.2.1		IPoIB
#Hadoop-UDA		1.2.1		IPoIB
#Hadoop-YARN		2.10.2		ETH
#Hadoop-YARN		2.10.2		IPoIB
#Hadoop-UDA-YARN		2.10.2		IPoIB
#Hadoop-YARN		3.1.4		ETH
#Hadoop-YARN		3.1.4		IPoIB
#Hadoop-YARN		3.2.4		ETH
#Hadoop-YARN		3.2.4		IPoIB
#Hadoop-YARN		3.3.6		ETH
#Hadoop-YARN		3.3.6		IPoIB
Hadoop-YARN		3.4.0		ETH
#Hadoop-YARN		3.4.0		IPoIB
#RDMA-Hadoop		0.9.9		ETH
#RDMA-Hadoop		0.9.9		IPoIB
#RDMA-Hadoop-2		1.2.0		ETH
#RDMA-Hadoop-2		1.2.0		IPoIB
#RDMA-Hadoop-2		1.3.5		ETH
#RDMA-Hadoop-2		1.3.5		IPoIB
#RDMA-Hadoop-3		0.9.1		ETH
#RDMA-Hadoop-3		0.9.1		IPoIB
#FlameMR			1.2		ETH
#FlameMR			1.2		IPoIB
#DataMPI		0.6.0		ETH
#DataMPI		0.6.0		IPoIB
#Spark			1.6.3		ETH
#Spark			1.6.3		IPoIB
#Spark-YARN		1.6.3		ETH
#Spark-YARN		1.6.3		IPoIB
#Spark			2.4.8		ETH
#Spark			2.4.8		IPoIB
#Spark-YARN		2.4.8		ETH
#Spark-YARN		2.4.8		IPoIB
#Spark                  3.2.4           ETH
#Spark                  3.2.4           IPoIB
#Spark-YARN             3.2.2           ETH
#Spark-YARN             3.2.4           IPoIB
#Spark                  3.3.4          ETH
#Spark                  3.3.4           IPoIB
#Spark-YARN             3.3.4           ETH
#Spark-YARN             3.3.4           IPoIB
#Spark                  3.4.2          ETH
#Spark                  3.4.2           IPoIB
#Spark-YARN             3.4.2           ETH
#Spark-YARN             3.4.2           IPoIB
#Spark                  3.5.1          ETH
#Spark                  3.5.1           IPoIB
#Spark-YARN             3.5.1           ETH
#Spark-YARN             3.5.1           IPoIB
#RDMA-Spark		0.9.5		ETH
#RDMA-Spark		0.9.5		IPoIB
#RDMA-Spark-YARN		0.9.5		ETH
#RDMA-Spark-YARN		0.9.5		IPoIB
#Flink			1.13.6		ETH
#Flink			1.13.6		IPoIB
#Flink-YARN		1.13.6		ETH
#Flink-YARN		1.13.6		IPoIB
#Flink			1.14.6		ETH
#Flink			1.14.6		IPoIB
#Flink-YARN		1.14.6		ETH
#Flink-YARN		1.14.6		IPoIB
#Flink			1.15.4		ETH
#Flink			1.15.4		IPoIB
#Flink-YARN		1.15.4		ETH
#Flink-YARN		1.15.4		IPoIB
#Flink			1.16.3		ETH
#Flink			1.16.3		IPoIB
#Flink-YARN		1.16.3		ETH
#Flink-YARN		1.16.3		IPoIB
#Flink			1.17.2		ETH
#Flink			1.17.2		IPoIB
#Flink-YARN		1.17.2		ETH
#Flink-YARN		1.17.2		IPoIB
#Flink			1.18.1		ETH
#Flink			1.18.1		IPoIB
#Flink-YARN		1.18.1		ETH
#Flink-YARN		1.18.1		IPoIB
#Flink			1.19.0		ETH
#Flink			1.19.0		IPoIB
#Flink-YARN		1.19.0		ETH
#Flink-YARN		1.19.0		IPoIB
